<?xml version="1.0" encoding="UTF-8"?>
<testng-results ignored="0" total="0" passed="0" failed="0" skipped="0">
  <reporter-output>
  </reporter-output>
  <suite started-at="2024-12-18T11:04:13 GMT+02:00" name="Surefire suite" finished-at="2024-12-18T11:04:13 GMT+02:00" duration-ms="11">
    <groups>
    </groups>
    <test started-at="2024-12-18T11:04:13 GMT+02:00" name="Surefire test" finished-at="2024-12-18T11:04:13 GMT+02:00" duration-ms="11">
    </test> <!-- Surefire test -->
  </suite> <!-- Surefire suite -->
</testng-results>
